<?xml version="1.0" encoding="UTF-8"?>
<robot generator="Robot 5.0.1 (Python 3.9.13 on darwin)" generated="20220617 17:48:58.759" rpa="false" schemaversion="3">
<suite id="s1" name="Robot Interactive Console" source="/Users/huaqing.luo/.vscode/extensions/robocorp.robotframework-lsp-0.48.2/src/robotframework_ls/vendored/robotframework_interactive/robot_interactive_console.robot">
<test id="s1-t1" name="Default Task/Test" line="5">
<kw name="Interpreter Main Loop" library="MainLoop">
<status status="PASS" starttime="20220617 17:48:58.785" endtime="20220617 17:49:33.735"/>
</kw>
<status status="PASS" starttime="20220617 17:48:58.784" endtime="20220617 17:49:33.735"/>
</test>
<status status="PASS" starttime="20220617 17:48:58.761" endtime="20220617 17:49:33.737"/>
</suite>
<statistics>
<total>
<stat pass="1" fail="0" skip="0">All Tests</stat>
</total>
<tag>
</tag>
<suite>
<stat pass="1" fail="0" skip="0" id="s1" name="Robot Interactive Console">Robot Interactive Console</stat>
</suite>
</statistics>
<errors>
</errors>
</robot>
