<?xml version="1.0" encoding="UTF-8"?>
<robot generator="Robot 5.0.1 (Python 3.9.13 on darwin)" generated="20220621 10:04:19.941" rpa="false" schemaversion="3">
<suite id="s1" name="Test" source="/Users/huaqing.luo/Documents/07Automation/Xiachufang_Demo/TestCase/test.robot">
<test id="s1-t1" name="Test MyLibrary" line="11">
<kw name="Log" library="BuiltIn">
<arg>Going to MyLibrary</arg>
<doc>Logs the given message with the given level.</doc>
<msg timestamp="20220621 10:04:20.120" level="INFO">Going to MyLibrary</msg>
<status status="PASS" starttime="20220621 10:04:20.120" endtime="20220621 10:04:20.120"/>
</kw>
<kw name="test_add">
<var>${res}</var>
<arg>1</arg>
<arg>2</arg>
<arg>3</arg>
<msg timestamp="20220621 10:04:20.122" level="FAIL">No keyword with name 'test_add' found.</msg>
<status status="FAIL" starttime="20220621 10:04:20.122" endtime="20220621 10:04:20.122"/>
</kw>
<status status="FAIL" starttime="20220621 10:04:20.119" endtime="20220621 10:04:20.123">No keyword with name 'test_add' found.</status>
</test>
<status status="FAIL" starttime="20220621 10:04:19.943" endtime="20220621 10:04:20.123"/>
</suite>
<statistics>
<total>
<stat pass="0" fail="1" skip="0">All Tests</stat>
</total>
<tag>
</tag>
<suite>
<stat pass="0" fail="1" skip="0" id="s1" name="Test">Test</stat>
</suite>
</statistics>
<errors>
<msg timestamp="20220621 10:04:20.118" level="WARN">Imported library 'MyLibrary' contains no keywords.</msg>
</errors>
</robot>
