<?xml version="1.0" encoding="UTF-8"?>
<robot generator="Robot 5.0.1 (Python 3.9.13 on darwin)" generated="20220705 16:57:55.780" rpa="false" schemaversion="3">
<suite id="s1" name="Xiachufang Testcases" source="/Users/huaqing.luo/Documents/Automation/Git/Xiachufang_Demo/Xiachufang_Demo/TestCase/Xiachufang_Testcases.robot">
<kw name="Launch App" library="BaseKeywords" type="SETUP">
<doc>Launch APP</doc>
<kw name="Log" library="BuiltIn">
<arg>......Start executing USER LOGIN</arg>
<doc>Logs the given message with the given level.</doc>
<msg timestamp="20220705 16:57:56.039" level="INFO">......Start executing USER LOGIN</msg>
<status status="PASS" starttime="20220705 16:57:56.039" endtime="20220705 16:57:56.039"/>
</kw>
<kw name="Open Application" library="AppiumLibrary">
<arg>${AppiumServer}</arg>
<arg>platformName=${platformName}</arg>
<arg>platformVersion=${platformVersion}</arg>
<arg>deviceName=${deviceName}</arg>
<arg>app=${App}</arg>
<arg>appPackage=${appPackage}</arg>
<arg>udid=${udid}</arg>
<doc>Opens a new application to given Appium server.
Capabilities of appium server, Android and iOS,
Please check https://github.com/appium/appium/blob/master/docs/en/writing-running-appium/server-args.md
| *Option*            | *Man.* | *Description*     |
| remote_url          | Yes    | Appium server url |
| alias               | no     | alias             |</doc>
<status status="PASS" starttime="20220705 16:57:56.040" endtime="20220705 16:58:07.041"/>
</kw>
<kw name="Sleep" library="BuiltIn">
<arg>3</arg>
<doc>Pauses the test executed for the given time.</doc>
<msg timestamp="20220705 16:58:10.066" level="INFO">Slept 3 seconds</msg>
<status status="PASS" starttime="20220705 16:58:07.041" endtime="20220705 16:58:10.066"/>
</kw>
<kw name="Log" library="BuiltIn">
<arg>******** Launching xiachufang ing **********</arg>
<doc>Logs the given message with the given level.</doc>
<msg timestamp="20220705 16:58:10.067" level="INFO">******** Launching xiachufang ing **********</msg>
<status status="PASS" starttime="20220705 16:58:10.067" endtime="20220705 16:58:10.067"/>
</kw>
<kw name="Run Keyword And Return Status" library="BuiltIn">
<var>${AGREE_Status}</var>
<arg>Element Should Be Visible</arg>
<arg>${LAUNCH_APP_AGREE}</arg>
<doc>Runs the given keyword with given arguments and returns the status as a Boolean value.</doc>
<kw name="Element Should Be Visible" library="AppiumLibrary">
<arg>${LAUNCH_APP_AGREE}</arg>
<doc>Verifies that element identified with locator is visible.</doc>
<kw name="Capture Page Screenshot" library="AppiumLibrary">
<doc>Takes a screenshot of the current page and embeds it into the log.</doc>
<msg timestamp="20220705 16:58:10.890" level="INFO" html="true">&lt;/td&gt;&lt;/tr&gt;&lt;tr&gt;&lt;td colspan="3"&gt;&lt;a href="appium-screenshot-1.png"&gt;&lt;img src="appium-screenshot-1.png" width="800px"&gt;&lt;/a&gt;</msg>
<status status="PASS" starttime="20220705 16:58:10.502" endtime="20220705 16:58:10.891"/>
</kw>
<msg timestamp="20220705 16:58:10.891" level="FAIL">ValueError: Element locator 'xpath=//*[@text="同意并继续"]' did not match any elements.</msg>
<status status="FAIL" starttime="20220705 16:58:10.068" endtime="20220705 16:58:10.893"/>
</kw>
<msg timestamp="20220705 16:58:10.893" level="INFO">${AGREE_Status} = False</msg>
<status status="PASS" starttime="20220705 16:58:10.067" endtime="20220705 16:58:10.893"/>
</kw>
<kw name="Run Keyword If" library="BuiltIn">
<arg>${AGREE_Status}</arg>
<arg>Click Element</arg>
<arg>${LAUNCH_APP_AGREE}</arg>
<doc>Runs the given keyword with the given arguments, if ``condition`` is true.</doc>
<status status="PASS" starttime="20220705 16:58:10.893" endtime="20220705 16:58:10.893"/>
</kw>
<kw name="Sleep" library="BuiltIn">
<arg>10</arg>
<doc>Pauses the test executed for the given time.</doc>
<msg timestamp="20220705 16:58:20.909" level="INFO">Slept 10 seconds</msg>
<status status="PASS" starttime="20220705 16:58:10.894" endtime="20220705 16:58:20.910"/>
</kw>
<kw name="Run Keyword And Return Status" library="BuiltIn">
<var>${Update_status}</var>
<arg>Element Should Be Visible</arg>
<arg>${Update_Next_Button}</arg>
<doc>Runs the given keyword with given arguments and returns the status as a Boolean value.</doc>
<kw name="Element Should Be Visible" library="AppiumLibrary">
<arg>${Update_Next_Button}</arg>
<doc>Verifies that element identified with locator is visible.</doc>
<kw name="Capture Page Screenshot" library="AppiumLibrary">
<doc>Takes a screenshot of the current page and embeds it into the log.</doc>
<msg timestamp="20220705 16:58:38.174" level="INFO" html="true">&lt;/td&gt;&lt;/tr&gt;&lt;tr&gt;&lt;td colspan="3"&gt;&lt;a href="appium-screenshot-2.png"&gt;&lt;img src="appium-screenshot-2.png" width="800px"&gt;&lt;/a&gt;</msg>
<status status="PASS" starttime="20220705 16:58:36.318" endtime="20220705 16:58:38.174"/>
</kw>
<msg timestamp="20220705 16:58:38.175" level="FAIL">ValueError: Element locator 'xpath=//*[@text="下次再说"]' did not match any elements.</msg>
<status status="FAIL" starttime="20220705 16:58:20.910" endtime="20220705 16:58:38.175"/>
</kw>
<msg timestamp="20220705 16:58:38.175" level="INFO">${Update_status} = False</msg>
<status status="PASS" starttime="20220705 16:58:20.910" endtime="20220705 16:58:38.175"/>
</kw>
<kw name="Run Keyword If" library="BuiltIn">
<arg>${Update_status}</arg>
<arg>Click Element</arg>
<arg>${Update_Next_Button}</arg>
<doc>Runs the given keyword with the given arguments, if ``condition`` is true.</doc>
<status status="PASS" starttime="20220705 16:58:38.175" endtime="20220705 16:58:38.175"/>
</kw>
<kw name="Wait Until Element Is Visible" library="AppiumLibrary">
<arg>${MINE_TabButton}</arg>
<arg>20</arg>
<doc>Waits until element specified with `locator` is visible.</doc>
<kw name="Capture Page Screenshot" library="AppiumLibrary">
<doc>Takes a screenshot of the current page and embeds it into the log.</doc>
<status status="FAIL" starttime="20220705 16:58:50.123" endtime="20220705 16:58:50.123"/>
</kw>
<msg timestamp="20220705 16:58:50.127" level="WARN">Keyword 'Capture Page Screenshot' could not be run on failure: Execution terminated by signal</msg>
<status status="FAIL" starttime="20220705 16:58:38.176" endtime="20220705 16:58:50.127"/>
</kw>
<kw name="Sleep" library="BuiltIn">
<arg>2</arg>
<doc>Pauses the test executed for the given time.</doc>
<status status="NOT RUN" starttime="20220705 16:58:50.128" endtime="20220705 16:58:50.128"/>
</kw>
<kw name="Log" library="BuiltIn">
<arg>mine button is visable!</arg>
<doc>Logs the given message with the given level.</doc>
<status status="NOT RUN" starttime="20220705 16:58:50.128" endtime="20220705 16:58:50.128"/>
</kw>
<kw name="Wait Until Element Is Visible" library="AppiumLibrary">
<arg>${MINE_TabButton}</arg>
<doc>Waits until element specified with `locator` is visible.</doc>
<status status="NOT RUN" starttime="20220705 16:58:50.128" endtime="20220705 16:58:50.128"/>
</kw>
<kw name="Click Element" library="AppiumLibrary">
<arg>${MINE_TabButton}</arg>
<doc>Click element identified by `locator`.</doc>
<status status="NOT RUN" starttime="20220705 16:58:50.128" endtime="20220705 16:58:50.128"/>
</kw>
<kw name="Log" library="BuiltIn">
<arg>Clicking Mine button</arg>
<doc>Logs the given message with the given level.</doc>
<status status="NOT RUN" starttime="20220705 16:58:50.128" endtime="20220705 16:58:50.128"/>
</kw>
<kw name="Click Element" library="AppiumLibrary">
<arg>${FORCE_AGREE}</arg>
<doc>Click element identified by `locator`.</doc>
<status status="NOT RUN" starttime="20220705 16:58:50.128" endtime="20220705 16:58:50.128"/>
</kw>
<kw name="Log" library="BuiltIn">
<arg>Clicking agree Contracts button</arg>
<doc>Logs the given message with the given level.</doc>
<status status="NOT RUN" starttime="20220705 16:58:50.128" endtime="20220705 16:58:50.129"/>
</kw>
<status status="FAIL" starttime="20220705 16:57:56.039" endtime="20220705 16:58:50.129"/>
</kw>
<test id="s1-t1" name="User Login" line="9">
<doc>User login with Email</doc>
<tag>robot:exit</tag>
<status status="FAIL" starttime="20220705 16:58:50.129" endtime="20220705 16:58:50.130">Test execution stopped due to a fatal error.</status>
</test>
<test id="s1-t2" name="Search Recipe" line="17">
<doc>User seach a recipe from first menu</doc>
<tag>robot:exit</tag>
<status status="FAIL" starttime="20220705 16:58:50.132" endtime="20220705 16:58:50.132">Test execution stopped due to a fatal error.</status>
</test>
<test id="s1-t3" name="Set Profile" line="27">
<doc>User set personal profile info</doc>
<tag>robot:exit</tag>
<status status="FAIL" starttime="20220705 16:58:50.133" endtime="20220705 16:58:50.134">Test execution stopped due to a fatal error.</status>
</test>
<kw name="Close All Apps" library="Keywords" type="TEARDOWN">
<doc>close all opened applications</doc>
<kw name="Close All Applications" library="AppiumLibrary">
<doc>Closes all open applications.</doc>
<status status="PASS" starttime="20220705 16:58:50.135" endtime="20220705 16:58:50.585"/>
</kw>
<kw name="Log To Console" library="BuiltIn">
<arg>Application all killed</arg>
<doc>Logs the given message to the console.</doc>
<status status="PASS" starttime="20220705 16:58:50.586" endtime="20220705 16:58:50.586"/>
</kw>
<status status="PASS" starttime="20220705 16:58:50.135" endtime="20220705 16:58:50.586"/>
</kw>
<status status="FAIL" starttime="20220705 16:57:55.782" endtime="20220705 16:58:50.586">Suite setup failed:
Execution terminated by signal</status>
</suite>
<statistics>
<total>
<stat pass="0" fail="3" skip="0">All Tests</stat>
</total>
<tag>
<stat pass="0" fail="0" skip="0" info="combined" combined="NOT robot:exit">NOT robot:exit</stat>
</tag>
<suite>
<stat pass="0" fail="3" skip="0" id="s1" name="Xiachufang Testcases">Xiachufang Testcases</stat>
</suite>
</statistics>
<errors>
<msg timestamp="20220705 16:58:50.127" level="WARN">Keyword 'Capture Page Screenshot' could not be run on failure: Execution terminated by signal</msg>
</errors>
</robot>
